2024-02-04 19:22:16,658 - INFO - root - test_verify_url_001 - 12 -test case:test_verify_url_001 is started
2024-02-04 19:22:16,659 - INFO - root - test_verify_url_001 - 14 -Opening browser and navigating to demo nop_commerce
2024-02-04 19:22:16,796 - INFO - root - test_verify_url_001 - 15 -Page title is ->,Your store. Login
2024-02-04 19:22:16,811 - INFO - root - test_verify_url_001 - 17 -test case test_verify_url_001 is passed
2024-02-04 19:22:16,811 - INFO - root - test_verify_url_001 - 18 -Taking screenshots
2024-02-04 19:22:17,013 - INFO - root - test_verify_url_001 - 26 -test case test_verify_url_001 completed
2024-02-04 19:22:46,274 - INFO - root - test_verify_url_001 - 12 -test case:test_verify_url_001 is started
2024-02-04 19:22:46,278 - INFO - root - test_verify_url_001 - 14 -Opening browser and navigating to demo nop_commerce
2024-02-04 19:22:46,295 - INFO - root - test_verify_url_001 - 15 -Page title is ->,Your store. Login
2024-02-04 19:22:46,305 - INFO - root - test_verify_url_001 - 17 -test case test_verify_url_001 is passed
2024-02-04 19:22:46,305 - INFO - root - test_verify_url_001 - 18 -Taking screenshots
2024-02-04 19:22:46,451 - INFO - root - test_verify_url_001 - 26 -test case test_verify_url_001 completed
2024-02-04 19:28:02,442 - INFO - root - test_verify_url_001 - 12 -test case:test_verify_url_001 is started
2024-02-04 19:28:02,444 - INFO - root - test_verify_url_001 - 14 -Opening browser and navigating to demo nop_commerce
2024-02-04 19:28:02,952 - INFO - root - test_verify_url_001 - 15 -Page title is ->,Your store. Login
2024-02-04 19:28:02,970 - INFO - root - test_verify_url_001 - 17 -test case test_verify_url_001 is passed
2024-02-04 19:28:02,971 - INFO - root - test_verify_url_001 - 18 -Taking screenshots
2024-02-04 19:28:03,635 - INFO - root - test_verify_url_001 - 26 -test case test_verify_url_001 completed
2024-02-04 19:28:36,072 - INFO - root - test_verify_url_001 - 12 -test case:test_verify_url_001 is started
2024-02-04 19:28:36,072 - INFO - root - test_verify_url_001 - 14 -Opening browser and navigating to demo nop_commerce
2024-02-04 19:28:36,270 - INFO - root - test_verify_url_001 - 15 -Page title is ->,Your store. Login
2024-02-04 19:28:36,306 - INFO - root - test_verify_url_001 - 17 -test case test_verify_url_001 is passed
2024-02-04 19:28:36,306 - INFO - root - test_verify_url_001 - 18 -Taking screenshots
2024-02-04 19:28:36,532 - INFO - root - test_verify_url_001 - 26 -test case test_verify_url_001 completed
2024-02-04 19:29:14,486 - INFO - root - test_verify_url_001 - 12 -test case:test_verify_url_001 is started
2024-02-04 19:29:14,489 - INFO - root - test_verify_url_001 - 14 -Opening browser and navigating to demo nop_commerce
2024-02-04 19:29:15,106 - INFO - root - test_verify_url_001 - 15 -Page title is ->,Your store. Login
2024-02-04 19:29:15,927 - INFO - root - test_verify_url_001 - 17 -test case test_verify_url_001 is passed
2024-02-04 19:29:15,928 - INFO - root - test_verify_url_001 - 18 -Taking screenshots
2024-02-04 19:29:17,411 - INFO - root - test_verify_url_001 - 26 -test case test_verify_url_001 completed
